<?xml version="1.0" encoding="UTF-8"?>
<!-- Generated by org.testng.reporters.JUnitXMLReporter -->
<testsuite hostname="anand-usa" tests="5" failures="1" timestamp="3 Mar 2016 03:28:27 GMT" time="157.464" errors="0">
  <testcase name="accessToSite" time="8.841" classname="UserRegistrationTest"/>
  <testcase name="registration" time="112.157" classname="UserRegistrationTest"/>
  <testcase name="LogIn" time="18.339" classname="RegistarionLogInTest"/>
  <testcase name="clickOnUserName" time="8.372" classname="RegistarionLogInTest"/>
  <testcase name="clickOnMyFav" time="9.729" classname="RegistarionLogInTest">
    <failure type="java.lang.AssertionError" message="expected [Jezoo26] but found [Pete]">
      <![CDATA[java.lang.AssertionError: expected [Jezoo26] but found [Pete]
	at com.user.reg.UserRegistration.clickOnMyFav(UserRegistration.java:39)
	at RegistarionLogInTest.clickOnMyFav(RegistarionLogInTest.java:28)
... Removed 33 stack frames]]>
    </failure>
  </testcase> <!-- clickOnMyFav -->
</testsuite>
