<?xml version="1.0" encoding="UTF-8"?>
<testsuite name="TestSuite" time="157.442" tests="5" errors="0" skipped="0" failures="1">
  <properties>
[...]
</properties>
  <testcase name="accessToSite" classname="UserRegistrationTest" time="8.841"/>
  <testcase name="registration" classname="UserRegistrationTest" time="112.155"/>
  <testcase name="LogIn" classname="RegistarionLogInTest" time="18.34"/>
  <testcase name="clickOnUserName" classname="RegistarionLogInTest" time="8.372"/>
  <testcase name="clickOnMyFav" classname="RegistarionLogInTest" time="9.734">
    <failure message="expected [Jezoo26] but found [Pete]" type="java.lang.AssertionError">java.lang.AssertionError: expected [Jezoo26] but found [Pete]
	at org.testng.Assert.fail(Assert.java:94)
	at org.testng.Assert.failNotEquals(Assert.java:513)
	at org.testng.Assert.assertEqualsImpl(Assert.java:135)
	at org.testng.Assert.assertEquals(Assert.java:116)
	at org.testng.Assert.assertEquals(Assert.java:190)
	at org.testng.Assert.assertEquals(Assert.java:200)
	at com.user.reg.UserRegistration.clickOnMyFav(UserRegistration.java:39)
	at RegistarionLogInTest.clickOnMyFav(RegistarionLogInTest.java:28)
</failure>
  </testcase>
</testsuite>