<?xml version="1.0" encoding="UTF-8"?>
<testsuite xmlns:xsi="http://www.w3.org/2001/XMLSchema-instance" xsi:schemaLocation="https://maven.apache.org/surefire/maven-surefire-plugin/xsd/surefire-test-report.xsd" name="TestSuite" time="8.093" tests="3" errors="0" skipped="0" failures="2">
  <properties>
[...]
</properties>
  <testcase name="checkElementsEnabled" classname="com.saleforce.test.SalesForceTest" time="0.048">
    <failure message="no element boss" type="com.user.reg.NoElementException">com.user.reg.NoElementException: no element boss
	at com.saleforce.test.SalesForceTest.checkElementsEnabled(SalesForceTest.java:31)
</failure>
    <system-out><![CDATA[2016-05-04 22:26:03 DEBUG RequestAddCookies:122 - CookieSpec selected: default
2016-05-04 22:26:03 DEBUG RequestAuthCache:76 - Auth cache not set in the context
2016-05-04 22:26:03 DEBUG PoolingHttpClientConnectionManager:249 - Connection request: [route: {}->http://localhost:7073][total kept alive: 0; route allocated: 0 of 2000; total allocated: 0 of 2000]
2016-05-04 22:26:03 DEBUG PoolingHttpClientConnectionManager:282 - Connection leased: [id: 0][route: {}->http://localhost:7073][total kept alive: 0; route allocated: 1 of 2000; total allocated: 1 of 2000]
2016-05-04 22:26:03 DEBUG MainClientExec:234 - Opening connection {}->http://localhost:7073
2016-05-04 22:26:03 DEBUG DefaultHttpClientConnectionOperator:131 - Connecting to localhost/127.0.0.1:7073
2016-05-04 22:26:03 DEBUG DefaultHttpClientConnectionOperator:138 - Connection established 127.0.0.1:61875<->127.0.0.1:7073
2016-05-04 22:26:03 DEBUG DefaultManagedHttpClientConnection:90 - http-outgoing-0: set socket timeout to 10800000
2016-05-04 22:26:03 DEBUG MainClientExec:255 - Executing request POST /session HTTP/1.1
2016-05-04 22:26:03 DEBUG MainClientExec:260 - Target auth state: UNCHALLENGED
2016-05-04 22:26:03 DEBUG MainClientExec:266 - Proxy auth state: UNCHALLENGED
2016-05-04 22:26:03 DEBUG headers:135 - http-outgoing-0 >> POST /session HTTP/1.1
2016-05-04 22:26:03 DEBUG headers:138 - http-outgoing-0 >> Content-Type: application/json; charset=utf-8
2016-05-04 22:26:03 DEBUG headers:138 - http-outgoing-0 >> Content-Length: 122
2016-05-04 22:26:03 DEBUG headers:138 - http-outgoing-0 >> Host: localhost:7073
2016-05-04 22:26:03 DEBUG headers:138 - http-outgoing-0 >> Connection: Keep-Alive
2016-05-04 22:26:03 DEBUG headers:138 - http-outgoing-0 >> User-Agent: Apache-HttpClient/4.5.1 (Java/1.8.0_72)
2016-05-04 22:26:03 DEBUG headers:138 - http-outgoing-0 >> Accept-Encoding: gzip,deflate
2016-05-04 22:26:03 DEBUG wire:72 - http-outgoing-0 >> "POST /session HTTP/1.1[\r][\n]"
2016-05-04 22:26:03 DEBUG wire:72 - http-outgoing-0 >> "Content-Type: application/json; charset=utf-8[\r][\n]"
2016-05-04 22:26:03 DEBUG wire:72 - http-outgoing-0 >> "Content-Length: 122[\r][\n]"
2016-05-04 22:26:03 DEBUG wire:72 - http-outgoing-0 >> "Host: localhost:7073[\r][\n]"
2016-05-04 22:26:03 DEBUG wire:72 - http-outgoing-0 >> "Connection: Keep-Alive[\r][\n]"
2016-05-04 22:26:03 DEBUG wire:72 - http-outgoing-0 >> "User-Agent: Apache-HttpClient/4.5.1 (Java/1.8.0_72)[\r][\n]"
2016-05-04 22:26:03 DEBUG wire:72 - http-outgoing-0 >> "Accept-Encoding: gzip,deflate[\r][\n]"
2016-05-04 22:26:03 DEBUG wire:72 - http-outgoing-0 >> "[\r][\n]"
2016-05-04 22:26:03 DEBUG wire:86 - http-outgoing-0 >> "{"desiredCapabilities":{"browserName":"chrome","chromeOptions":{"args":[],"extensions":[]},"version":"","platform":"ANY"}}"
2016-05-04 22:26:05 DEBUG wire:72 - http-outgoing-0 << "HTTP/1.1 200 OK[\r][\n]"
2016-05-04 22:26:05 DEBUG wire:72 - http-outgoing-0 << "Content-Length:609[\r][\n]"
2016-05-04 22:26:05 DEBUG wire:72 - http-outgoing-0 << "Content-Type:application/json; charset=utf-8[\r][\n]"
2016-05-04 22:26:05 DEBUG wire:72 - http-outgoing-0 << "Connection:close[\r][\n]"
2016-05-04 22:26:05 DEBUG wire:72 - http-outgoing-0 << "[\r][\n]"
2016-05-04 22:26:05 DEBUG wire:86 - http-outgoing-0 << "{"sessionId":"4abf901c5550522f47100b3f48969394","status":0,"value":{"acceptSslCerts":true,"applicationCacheEnabled":false,"browserConnectionEnabled":false,"browserName":"chrome","chrome":{"userDataDir":"C:\\Users\\Anand\\AppData\\Local\\Temp\\scoped_dir10140_31024"},"cssSelectorsEnabled":true,"databaseEnabled":false,"handlesAlerts":true,"hasTouchScreen":false,"javascriptEnabled":true,"locationContextEnabled":true,"mobileEmulationEnabled":false,"nativeEvents":true,"platform":"Windows NT","rotatable":false,"takesHeapSnapshot":true,"takesScreenshot":true,"version":"50.0.2661.94","webStorageEnabled":true}}"
2016-05-04 22:26:05 DEBUG headers:124 - http-outgoing-0 << HTTP/1.1 200 OK
2016-05-04 22:26:05 DEBUG headers:127 - http-outgoing-0 << Content-Length:609
2016-05-04 22:26:05 DEBUG headers:127 - http-outgoing-0 << Content-Type:application/json; charset=utf-8
2016-05-04 22:26:05 DEBUG headers:127 - http-outgoing-0 << Connection:close
2016-05-04 22:26:05 DEBUG DefaultManagedHttpClientConnection:81 - http-outgoing-0: Close connection
2016-05-04 22:26:05 DEBUG MainClientExec:103 - Connection discarded
2016-05-04 22:26:05 DEBUG PoolingHttpClientConnectionManager:320 - Connection released: [id: 0][route: {}->http://localhost:7073][total kept alive: 0; route allocated: 0 of 2000; total allocated: 0 of 2000]
2016-05-04 22:26:05 DEBUG RequestAddCookies:122 - CookieSpec selected: default
2016-05-04 22:26:05 DEBUG RequestAuthCache:76 - Auth cache not set in the context
2016-05-04 22:26:05 DEBUG PoolingHttpClientConnectionManager:249 - Connection request: [route: {}->http://localhost:7073][total kept alive: 0; route allocated: 0 of 2000; total allocated: 0 of 2000]
2016-05-04 22:26:05 DEBUG PoolingHttpClientConnectionManager:282 - Connection leased: [id: 1][route: {}->http://localhost:7073][total kept alive: 0; route allocated: 1 of 2000; total allocated: 1 of 2000]
2016-05-04 22:26:05 DEBUG MainClientExec:234 - Opening connection {}->http://localhost:7073
2016-05-04 22:26:05 DEBUG DefaultHttpClientConnectionOperator:131 - Connecting to localhost/127.0.0.1:7073
2016-05-04 22:26:05 DEBUG DefaultHttpClientConnectionOperator:138 - Connection established 127.0.0.1:61879<->127.0.0.1:7073
2016-05-04 22:26:05 DEBUG DefaultManagedHttpClientConnection:90 - http-outgoing-1: set socket timeout to 10800000
2016-05-04 22:26:05 DEBUG MainClientExec:255 - Executing request POST /session/4abf901c5550522f47100b3f48969394/element HTTP/1.1
2016-05-04 22:26:05 DEBUG MainClientExec:260 - Target auth state: UNCHALLENGED
2016-05-04 22:26:05 DEBUG MainClientExec:266 - Proxy auth state: UNCHALLENGED
2016-05-04 22:26:05 DEBUG headers:135 - http-outgoing-1 >> POST /session/4abf901c5550522f47100b3f48969394/element HTTP/1.1
2016-05-04 22:26:05 DEBUG headers:138 - http-outgoing-1 >> Content-Type: application/json; charset=utf-8
2016-05-04 22:26:05 DEBUG headers:138 - http-outgoing-1 >> Content-Length: 35
2016-05-04 22:26:05 DEBUG headers:138 - http-outgoing-1 >> Host: localhost:7073
2016-05-04 22:26:05 DEBUG headers:138 - http-outgoing-1 >> Connection: Keep-Alive
2016-05-04 22:26:05 DEBUG headers:138 - http-outgoing-1 >> User-Agent: Apache-HttpClient/4.5.1 (Java/1.8.0_72)
2016-05-04 22:26:05 DEBUG headers:138 - http-outgoing-1 >> Accept-Encoding: gzip,deflate
2016-05-04 22:26:05 DEBUG wire:72 - http-outgoing-1 >> "POST /session/4abf901c5550522f47100b3f48969394/element HTTP/1.1[\r][\n]"
2016-05-04 22:26:05 DEBUG wire:72 - http-outgoing-1 >> "Content-Type: application/json; charset=utf-8[\r][\n]"
2016-05-04 22:26:05 DEBUG wire:72 - http-outgoing-1 >> "Content-Length: 35[\r][\n]"
2016-05-04 22:26:05 DEBUG wire:72 - http-outgoing-1 >> "Host: localhost:7073[\r][\n]"
2016-05-04 22:26:05 DEBUG wire:72 - http-outgoing-1 >> "Connection: Keep-Alive[\r][\n]"
2016-05-04 22:26:05 DEBUG wire:72 - http-outgoing-1 >> "User-Agent: Apache-HttpClient/4.5.1 (Java/1.8.0_72)[\r][\n]"
2016-05-04 22:26:05 DEBUG wire:72 - http-outgoing-1 >> "Accept-Encoding: gzip,deflate[\r][\n]"
2016-05-04 22:26:05 DEBUG wire:72 - http-outgoing-1 >> "[\r][\n]"
2016-05-04 22:26:05 DEBUG wire:86 - http-outgoing-1 >> "{"using":"id","value":"searchtext"}"
2016-05-04 22:26:05 DEBUG wire:72 - http-outgoing-1 << "HTTP/1.1 200 OK[\r][\n]"
2016-05-04 22:26:05 DEBUG wire:72 - http-outgoing-1 << "Content-Length:329[\r][\n]"
2016-05-04 22:26:05 DEBUG wire:72 - http-outgoing-1 << "Content-Type:application/json; charset=utf-8[\r][\n]"
2016-05-04 22:26:05 DEBUG wire:72 - http-outgoing-1 << "Connection:close[\r][\n]"
2016-05-04 22:26:05 DEBUG wire:72 - http-outgoing-1 << "[\r][\n]"
2016-05-04 22:26:05 DEBUG wire:86 - http-outgoing-1 << "{"sessionId":"4abf901c5550522f47100b3f48969394","status":7,"value":{"message":"no such element: Unable to locate element: {\"method\":\"id\",\"selector\":\"searchtext\"}\n  (Session info: chrome=50.0.2661.94)\n  (Driver info: chromedriver=2.20.353145 (343b531d31eeb933ec778dbcf7081628a1396067),platform=Windows NT 10.0 x86_64)"}}"
2016-05-04 22:26:05 DEBUG headers:124 - http-outgoing-1 << HTTP/1.1 200 OK
2016-05-04 22:26:05 DEBUG headers:127 - http-outgoing-1 << Content-Length:329
2016-05-04 22:26:05 DEBUG headers:127 - http-outgoing-1 << Content-Type:application/json; charset=utf-8
2016-05-04 22:26:05 DEBUG headers:127 - http-outgoing-1 << Connection:close
2016-05-04 22:26:05 DEBUG DefaultManagedHttpClientConnection:81 - http-outgoing-1: Close connection
2016-05-04 22:26:05 DEBUG MainClientExec:103 - Connection discarded
2016-05-04 22:26:05 DEBUG PoolingHttpClientConnectionManager:320 - Connection released: [id: 1][route: {}->http://localhost:7073][total kept alive: 0; route allocated: 0 of 2000; total allocated: 0 of 2000]
]]></system-out>
    <system-err><![CDATA[Starting ChromeDriver 2.20.353145 (343b531d31eeb933ec778dbcf7081628a1396067) on port 7073
Only local connections are allowed.
]]></system-err>
  </testcase>
  <testcase name="checkElementsPresent" classname="com.saleforce.test.SalesForceTest" time="0.027">
    <failure message="no element boss" type="com.user.reg.NoElementException">com.user.reg.NoElementException: no element boss
	at com.saleforce.test.SalesForceTest.checkElementsPresent(SalesForceTest.java:21)
</failure>
    <system-out><![CDATA[ChromeDriver: chrome on XP (4abf901c5550522f47100b3f48969394)the driver here is=> 
2016-05-04 22:26:05 DEBUG RequestAddCookies:122 - CookieSpec selected: default
2016-05-04 22:26:05 DEBUG RequestAuthCache:76 - Auth cache not set in the context
2016-05-04 22:26:05 DEBUG PoolingHttpClientConnectionManager:249 - Connection request: [route: {}->http://localhost:7073][total kept alive: 0; route allocated: 0 of 2000; total allocated: 0 of 2000]
2016-05-04 22:26:05 DEBUG PoolingHttpClientConnectionManager:282 - Connection leased: [id: 2][route: {}->http://localhost:7073][total kept alive: 0; route allocated: 1 of 2000; total allocated: 1 of 2000]
2016-05-04 22:26:05 DEBUG MainClientExec:234 - Opening connection {}->http://localhost:7073
2016-05-04 22:26:05 DEBUG DefaultHttpClientConnectionOperator:131 - Connecting to localhost/127.0.0.1:7073
2016-05-04 22:26:05 DEBUG DefaultHttpClientConnectionOperator:138 - Connection established 127.0.0.1:61880<->127.0.0.1:7073
2016-05-04 22:26:05 DEBUG DefaultManagedHttpClientConnection:90 - http-outgoing-2: set socket timeout to 10800000
2016-05-04 22:26:05 DEBUG MainClientExec:255 - Executing request POST /session/4abf901c5550522f47100b3f48969394/element HTTP/1.1
2016-05-04 22:26:05 DEBUG MainClientExec:260 - Target auth state: UNCHALLENGED
2016-05-04 22:26:05 DEBUG MainClientExec:266 - Proxy auth state: UNCHALLENGED
2016-05-04 22:26:05 DEBUG headers:135 - http-outgoing-2 >> POST /session/4abf901c5550522f47100b3f48969394/element HTTP/1.1
2016-05-04 22:26:05 DEBUG headers:138 - http-outgoing-2 >> Content-Type: application/json; charset=utf-8
2016-05-04 22:26:05 DEBUG headers:138 - http-outgoing-2 >> Content-Length: 35
2016-05-04 22:26:05 DEBUG headers:138 - http-outgoing-2 >> Host: localhost:7073
2016-05-04 22:26:05 DEBUG headers:138 - http-outgoing-2 >> Connection: Keep-Alive
2016-05-04 22:26:05 DEBUG headers:138 - http-outgoing-2 >> User-Agent: Apache-HttpClient/4.5.1 (Java/1.8.0_72)
2016-05-04 22:26:05 DEBUG headers:138 - http-outgoing-2 >> Accept-Encoding: gzip,deflate
2016-05-04 22:26:05 DEBUG wire:72 - http-outgoing-2 >> "POST /session/4abf901c5550522f47100b3f48969394/element HTTP/1.1[\r][\n]"
2016-05-04 22:26:05 DEBUG wire:72 - http-outgoing-2 >> "Content-Type: application/json; charset=utf-8[\r][\n]"
2016-05-04 22:26:05 DEBUG wire:72 - http-outgoing-2 >> "Content-Length: 35[\r][\n]"
2016-05-04 22:26:05 DEBUG wire:72 - http-outgoing-2 >> "Host: localhost:7073[\r][\n]"
2016-05-04 22:26:05 DEBUG wire:72 - http-outgoing-2 >> "Connection: Keep-Alive[\r][\n]"
2016-05-04 22:26:05 DEBUG wire:72 - http-outgoing-2 >> "User-Agent: Apache-HttpClient/4.5.1 (Java/1.8.0_72)[\r][\n]"
2016-05-04 22:26:05 DEBUG wire:72 - http-outgoing-2 >> "Accept-Encoding: gzip,deflate[\r][\n]"
2016-05-04 22:26:05 DEBUG wire:72 - http-outgoing-2 >> "[\r][\n]"
2016-05-04 22:26:05 DEBUG wire:86 - http-outgoing-2 >> "{"using":"id","value":"searchtext"}"
2016-05-04 22:26:05 DEBUG wire:72 - http-outgoing-2 << "HTTP/1.1 200 OK[\r][\n]"
2016-05-04 22:26:05 DEBUG wire:72 - http-outgoing-2 << "Content-Length:329[\r][\n]"
2016-05-04 22:26:05 DEBUG wire:72 - http-outgoing-2 << "Content-Type:application/json; charset=utf-8[\r][\n]"
2016-05-04 22:26:05 DEBUG wire:72 - http-outgoing-2 << "Connection:close[\r][\n]"
2016-05-04 22:26:05 DEBUG wire:72 - http-outgoing-2 << "[\r][\n]"
2016-05-04 22:26:05 DEBUG wire:86 - http-outgoing-2 << "{"sessionId":"4abf901c5550522f47100b3f48969394","status":7,"value":{"message":"no such element: Unable to locate element: {\"method\":\"id\",\"selector\":\"searchtext\"}\n  (Session info: chrome=50.0.2661.94)\n  (Driver info: chromedriver=2.20.353145 (343b531d31eeb933ec778dbcf7081628a1396067),platform=Windows NT 10.0 x86_64)"}}"
2016-05-04 22:26:05 DEBUG headers:124 - http-outgoing-2 << HTTP/1.1 200 OK
2016-05-04 22:26:05 DEBUG headers:127 - http-outgoing-2 << Content-Length:329
2016-05-04 22:26:05 DEBUG headers:127 - http-outgoing-2 << Content-Type:application/json; charset=utf-8
2016-05-04 22:26:05 DEBUG headers:127 - http-outgoing-2 << Connection:close
2016-05-04 22:26:05 DEBUG DefaultManagedHttpClientConnection:81 - http-outgoing-2: Close connection
2016-05-04 22:26:05 DEBUG MainClientExec:103 - Connection discarded
2016-05-04 22:26:05 DEBUG PoolingHttpClientConnectionManager:320 - Connection released: [id: 2][route: {}->http://localhost:7073][total kept alive: 0; route allocated: 0 of 2000; total allocated: 0 of 2000]
]]></system-out>
  </testcase>
  <testcase name="initiateDriver" classname="com.saleforce.test.SalesForceTest" time="4.287"/>
</testsuite>