<?xml version="1.0" encoding="UTF-8"?>
<testng-results skipped="0" failed="2" total="3" passed="1">
  <reporter-output>
  </reporter-output>
  <suite name="Default suite" duration-ms="4621" started-at="2016-05-05T02:45:17Z" finished-at="2016-05-05T02:45:21Z">
    <groups>
    </groups>
    <test name="Default test" duration-ms="4621" started-at="2016-05-05T02:45:17Z" finished-at="2016-05-05T02:45:21Z">
      <class name="com.saleforce.test.SalesForceTest">
        <test-method status="FAIL" signature="checkElementsEnabled()[pri:0, instance:com.saleforce.test.SalesForceTest@37f1104d]" name="checkElementsEnabled" duration-ms="40" started-at="2016-05-04T22:45:17Z" finished-at="2016-05-04T22:45:17Z">
          <exception class="com.user.reg.NoElementException">
            <message>
              <![CDATA[no element boss]]>
            </message>
            <full-stacktrace>
              <![CDATA[com.user.reg.NoElementException: no element boss
	at com.user.reg.Util.isEnabled(Util.java:190)
	at com.saleforce.test.SalesForceTest.checkElementsEnabled(SalesForceTest.java:30)
	at sun.reflect.NativeMethodAccessorImpl.invoke0(Native Method)
	at sun.reflect.NativeMethodAccessorImpl.invoke(NativeMethodAccessorImpl.java:62)
	at sun.reflect.DelegatingMethodAccessorImpl.invoke(DelegatingMethodAccessorImpl.java:43)
	at java.lang.reflect.Method.invoke(Method.java:498)
	at org.testng.internal.MethodInvocationHelper.invokeMethod(MethodInvocationHelper.java:86)
	at org.testng.internal.Invoker.invokeMethod(Invoker.java:645)
	at org.testng.internal.Invoker.invokeTestMethod(Invoker.java:822)
	at org.testng.internal.Invoker.invokeTestMethods(Invoker.java:1130)
	at org.testng.internal.TestMethodWorker.invokeTestMethods(TestMethodWorker.java:129)
	at org.testng.internal.TestMethodWorker.run(TestMethodWorker.java:112)
	at org.testng.TestRunner.privateRun(TestRunner.java:782)
	at org.testng.TestRunner.run(TestRunner.java:632)
	at org.testng.SuiteRunner.runTest(SuiteRunner.java:366)
	at org.testng.SuiteRunner.runSequentially(SuiteRunner.java:361)
	at org.testng.SuiteRunner.privateRun(SuiteRunner.java:319)
	at org.testng.SuiteRunner.run(SuiteRunner.java:268)
	at org.testng.SuiteRunnerWorker.runSuite(SuiteRunnerWorker.java:52)
	at org.testng.SuiteRunnerWorker.run(SuiteRunnerWorker.java:86)
	at org.testng.TestNG.runSuitesSequentially(TestNG.java:1244)
	at org.testng.TestNG.runSuitesLocally(TestNG.java:1169)
	at org.testng.TestNG.run(TestNG.java:1064)
	at org.testng.remote.RemoteTestNG.run(RemoteTestNG.java:113)
	at org.testng.remote.RemoteTestNG.initAndRun(RemoteTestNG.java:206)
	at org.testng.remote.RemoteTestNG.main(RemoteTestNG.java:177)
]]>
            </full-stacktrace>
          </exception> <!-- com.user.reg.NoElementException -->
          <reporter-output>
          </reporter-output>
        </test-method> <!-- checkElementsEnabled -->
        <test-method status="FAIL" signature="checkElementsPresent()[pri:0, instance:com.saleforce.test.SalesForceTest@37f1104d]" name="checkElementsPresent" duration-ms="31" started-at="2016-05-04T22:45:17Z" finished-at="2016-05-04T22:45:17Z">
          <exception class="com.user.reg.NoElementException">
            <message>
              <![CDATA[no element boss]]>
            </message>
            <full-stacktrace>
              <![CDATA[com.user.reg.NoElementException: no element boss
	at com.user.reg.Util.isDisplayed(Util.java:217)
	at com.saleforce.test.SalesForceTest.checkElementsPresent(SalesForceTest.java:22)
	at sun.reflect.NativeMethodAccessorImpl.invoke0(Native Method)
	at sun.reflect.NativeMethodAccessorImpl.invoke(NativeMethodAccessorImpl.java:62)
	at sun.reflect.DelegatingMethodAccessorImpl.invoke(DelegatingMethodAccessorImpl.java:43)
	at java.lang.reflect.Method.invoke(Method.java:498)
	at org.testng.internal.MethodInvocationHelper.invokeMethod(MethodInvocationHelper.java:86)
	at org.testng.internal.Invoker.invokeMethod(Invoker.java:645)
	at org.testng.internal.Invoker.invokeTestMethod(Invoker.java:822)
	at org.testng.internal.Invoker.invokeTestMethods(Invoker.java:1130)
	at org.testng.internal.TestMethodWorker.invokeTestMethods(TestMethodWorker.java:129)
	at org.testng.internal.TestMethodWorker.run(TestMethodWorker.java:112)
	at org.testng.TestRunner.privateRun(TestRunner.java:782)
	at org.testng.TestRunner.run(TestRunner.java:632)
	at org.testng.SuiteRunner.runTest(SuiteRunner.java:366)
	at org.testng.SuiteRunner.runSequentially(SuiteRunner.java:361)
	at org.testng.SuiteRunner.privateRun(SuiteRunner.java:319)
	at org.testng.SuiteRunner.run(SuiteRunner.java:268)
	at org.testng.SuiteRunnerWorker.runSuite(SuiteRunnerWorker.java:52)
	at org.testng.SuiteRunnerWorker.run(SuiteRunnerWorker.java:86)
	at org.testng.TestNG.runSuitesSequentially(TestNG.java:1244)
	at org.testng.TestNG.runSuitesLocally(TestNG.java:1169)
	at org.testng.TestNG.run(TestNG.java:1064)
	at org.testng.remote.RemoteTestNG.run(RemoteTestNG.java:113)
	at org.testng.remote.RemoteTestNG.initAndRun(RemoteTestNG.java:206)
	at org.testng.remote.RemoteTestNG.main(RemoteTestNG.java:177)
]]>
            </full-stacktrace>
          </exception> <!-- com.user.reg.NoElementException -->
          <reporter-output>
          </reporter-output>
        </test-method> <!-- checkElementsPresent -->
        <test-method status="PASS" signature="initiateDriver()[pri:0, instance:com.saleforce.test.SalesForceTest@37f1104d]" name="initiateDriver" duration-ms="4529" started-at="2016-05-04T22:45:17Z" finished-at="2016-05-04T22:45:21Z">
          <reporter-output>
          </reporter-output>
        </test-method> <!-- initiateDriver -->
      </class> <!-- com.saleforce.test.SalesForceTest -->
    </test> <!-- Default test -->
  </suite> <!-- Default suite -->
</testng-results>
